# JRE version: Java(TM) SE Runtime Environment (8.0_65-b17) (build 1.8.0_65-b17)
# Java VM: Java HotSpot(TM) 64-Bit Server VM (25.65-b01 mixed mode windows-amd64 compressed oops)
Heap:
 PSYoungGen      total 138240K, used 60359K [0x00000000eb100000, 0x00000000f8f00000, 0x0000000100000000)
  eden space 128000K, 47% used [0x00000000eb100000,0x00000000eebf1f60,0x00000000f2e00000)
  from space 10240K, 0% used [0x00000000f2e00000,0x00000000f2e00000,0x00000000f3800000)
  to   space 11264K, 0% used [0x00000000f8400000,0x00000000f8400000,0x00000000f8f00000)
 ParOldGen       total 42496K, used 16426K [0x00000000c1200000, 0x00000000c3b80000, 0x00000000eb100000)
  object space 42496K, 38% used [0x00000000c1200000,0x00000000c220a8f0,0x00000000c3b80000)
 Metaspace       used 22802K, capacity 23106K, committed 23472K, reserved 1071104K
  class space    used 2872K, capacity 2996K, committed 3072K, reserved 1048576K
GC Heap History (10 events):
Event: 4.153 GC heap before
{Heap before GC invocations=6 (full 0):
 PSYoungGen      total 35328K, used 35314K [0x00000000eb100000, 0x00000000f0000000, 0x0000000100000000)
  eden space 32768K, 100% used [0x00000000eb100000,0x00000000ed100000,0x00000000ed100000)
  from space 2560K, 99% used [0x00000000ed100000,0x00000000ed37ca10,0x00000000ed380000)
  to   space 7680K, 0% used [0x00000000ef880000,0x00000000ef880000,0x00000000f0000000)
 ParOldGen       total 44032K, used 7870K [0x00000000c1200000, 0x00000000c3d00000, 0x00000000eb100000)
  object space 44032K, 17% used [0x00000000c1200000,0x00000000c19af840,0x00000000c3d00000)
 Metaspace       used 16910K, capacity 17036K, committed 17280K, reserved 1064960K
  class space    used 2069K, capacity 2093K, committed 2176K, reserved 1048576K
Event: 4.247 GC heap after
Heap after GC invocations=6 (full 0):
 PSYoungGen      total 72192K, used 6253K [0x00000000eb100000, 0x00000000f0200000, 0x0000000100000000)
  eden space 64512K, 0% used [0x00000000eb100000,0x00000000eb100000,0x00000000ef000000)
  from space 7680K, 81% used [0x00000000ef880000,0x00000000efe9b4e8,0x00000000f0000000)
  to   space 8704K, 0% used [0x00000000ef000000,0x00000000ef000000,0x00000000ef880000)
 ParOldGen       total 44032K, used 7942K [0x00000000c1200000, 0x00000000c3d00000, 0x00000000eb100000)
  object space 44032K, 18% used [0x00000000c1200000,0x00000000c19c1850,0x00000000c3d00000)
 Metaspace       used 16910K, capacity 17036K, committed 17280K, reserved 1064960K
  class space    used 2069K, capacity 2093K, committed 2176K, reserved 1048576K
}
Event: 6.110 GC heap before
{Heap before GC invocations=7 (full 0):
 PSYoungGen      total 72192K, used 70765K [0x00000000eb100000, 0x00000000f0200000, 0x0000000100000000)
  eden space 64512K, 100% used [0x00000000eb100000,0x00000000ef000000,0x00000000ef000000)
  from space 7680K, 81% used [0x00000000ef880000,0x00000000efe9b4e8,0x00000000f0000000)
  to   space 8704K, 0% used [0x00000000ef000000,0x00000000ef000000,0x00000000ef880000)
 ParOldGen       total 44032K, used 7942K [0x00000000c1200000, 0x00000000c3d00000, 0x00000000eb100000)
  object space 44032K, 18% used [0x00000000c1200000,0x00000000c19c1850,0x00000000c3d00000)
 Metaspace       used 19457K, capacity 19738K, committed 19968K, reserved 1067008K
  class space    used 2365K, capacity 2437K, committed 2560K, reserved 1048576K
Event: 6.121 GC heap after
Heap after GC invocations=7 (full 0):
 PSYoungGen      total 73216K, used 6760K [0x00000000eb100000, 0x00000000f4100000, 0x0000000100000000)
  eden space 64512K, 0% used [0x00000000eb100000,0x00000000eb100000,0x00000000ef000000)
  from space 8704K, 77% used [0x00000000ef000000,0x00000000ef69a3c8,0x00000000ef880000)
  to   space 9216K, 0% used [0x00000000f3800000,0x00000000f3800000,0x00000000f4100000)
 ParOldGen       total 44032K, used 9286K [0x00000000c1200000, 0x00000000c3d00000, 0x00000000eb100000)
  object space 44032K, 21% used [0x00000000c1200000,0x00000000c1b11b60,0x00000000c3d00000)
 Metaspace       used 19457K, capacity 19738K, committed 19968K, reserved 1067008K
  class space    used 2365K, capacity 2437K, committed 2560K, reserved 1048576K
}
Event: 7.707 GC heap before
{Heap before GC invocations=8 (full 0):
 PSYoungGen      total 73216K, used 71272K [0x00000000eb100000, 0x00000000f4100000, 0x0000000100000000)
  eden space 64512K, 100% used [0x00000000eb100000,0x00000000ef000000,0x00000000ef000000)
  from space 8704K, 77% used [0x00000000ef000000,0x00000000ef69a3c8,0x00000000ef880000)
  to   space 9216K, 0% used [0x00000000f3800000,0x00000000f3800000,0x00000000f4100000)
 ParOldGen       total 44032K, used 9286K [0x00000000c1200000, 0x00000000c3d00000, 0x00000000eb100000)
  object space 44032K, 21% used [0x00000000c1200000,0x00000000c1b11b60,0x00000000c3d00000)
 Metaspace       used 20427K, capacity 20670K, committed 20864K, reserved 1067008K
  class space    used 2499K, capacity 2574K, committed 2688K, reserved 1048576K
Event: 7.757 GC heap after
Heap after GC invocations=8 (full 0):
 PSYoungGen      total 137216K, used 8817K [0x00000000eb100000, 0x00000000f4300000, 0x0000000100000000)
  eden space 128000K, 0% used [0x00000000eb100000,0x00000000eb100000,0x00000000f2e00000)
  from space 9216K, 95% used [0x00000000f3800000,0x00000000f409c4a0,0x00000000f4100000)
  to   space 10240K, 0% used [0x00000000f2e00000,0x00000000f2e00000,0x00000000f3800000)
 ParOldGen       total 44032K, used 9582K [0x00000000c1200000, 0x00000000c3d00000, 0x00000000eb100000)
  object space 44032K, 21% used [0x00000000c1200000,0x00000000c1b5bb60,0x00000000c3d00000)
 Metaspace       used 20427K, capacity 20670K, committed 20864K, reserved 1067008K
  class space    used 2499K, capacity 2574K, committed 2688K, reserved 1048576K
}
Event: 11.948 GC heap before
{Heap before GC invocations=9 (full 0):
 PSYoungGen      total 137216K, used 94617K [0x00000000eb100000, 0x00000000f4300000, 0x0000000100000000)
  eden space 128000K, 67% used [0x00000000eb100000,0x00000000f04ca158,0x00000000f2e00000)
  from space 9216K, 95% used [0x00000000f3800000,0x00000000f409c4a0,0x00000000f4100000)
  to   space 10240K, 0% used [0x00000000f2e00000,0x00000000f2e00000,0x00000000f3800000)
 ParOldGen       total 44032K, used 9582K [0x00000000c1200000, 0x00000000c3d00000, 0x00000000eb100000)
  object space 44032K, 21% used [0x00000000c1200000,0x00000000c1b5bb60,0x00000000c3d00000)
 Metaspace       used 20914K, capacity 21180K, committed 21296K, reserved 1069056K
  class space    used 2575K, capacity 2675K, committed 2688K, reserved 1048576K
Event: 11.965 GC heap after
Heap after GC invocations=9 (full 0):
 PSYoungGen      total 138240K, used 8928K [0x00000000eb100000, 0x00000000f8f00000, 0x0000000100000000)
  eden space 128000K, 0% used [0x00000000eb100000,0x00000000eb100000,0x00000000f2e00000)
  from space 10240K, 87% used [0x00000000f2e00000,0x00000000f36b8138,0x00000000f3800000)
  to   space 11264K, 0% used [0x00000000f8400000,0x00000000f8400000,0x00000000f8f00000)
 ParOldGen       total 44032K, used 12600K [0x00000000c1200000, 0x00000000c3d00000, 0x00000000eb100000)
  object space 44032K, 28% used [0x00000000c1200000,0x00000000c1e4e128,0x00000000c3d00000)
 Metaspace       used 20914K, capacity 21180K, committed 21296K, reserved 1069056K
  class space    used 2575K, capacity 2675K, committed 2688K, reserved 1048576K
}
Event: 11.965 GC heap before
{Heap before GC invocations=10 (full 1):
 PSYoungGen      total 138240K, used 8928K [0x00000000eb100000, 0x00000000f8f00000, 0x0000000100000000)
  eden space 128000K, 0% used [0x00000000eb100000,0x00000000eb100000,0x00000000f2e00000)
  from space 10240K, 87% used [0x00000000f2e00000,0x00000000f36b8138,0x00000000f3800000)
  to   space 11264K, 0% used [0x00000000f8400000,0x00000000f8400000,0x00000000f8f00000)
 ParOldGen       total 44032K, used 12600K [0x00000000c1200000, 0x00000000c3d00000, 0x00000000eb100000)
  object space 44032K, 28% used [0x00000000c1200000,0x00000000c1e4e128,0x00000000c3d00000)
 Metaspace       used 20914K, capacity 21180K, committed 21296K, reserved 1069056K
  class space    used 2575K, capacity 2675K, committed 2688K, reserved 1048576K
Event: 12.088 GC heap after
Heap after GC invocations=10 (full 1):
 PSYoungGen      total 138240K, used 0K [0x00000000eb100000, 0x00000000f8f00000, 0x0000000100000000)
  eden space 128000K, 0% used [0x00000000eb100000,0x00000000eb100000,0x00000000f2e00000)
  from space 10240K, 0% used [0x00000000f2e00000,0x00000000f2e00000,0x00000000f3800000)
  to   space 11264K, 0% used [0x00000000f8400000,0x00000000f8400000,0x00000000f8f00000)
 ParOldGen       total 42496K, used 16426K [0x00000000c1200000, 0x00000000c3b80000, 0x00000000eb100000)
  object space 42496K, 38% used [0x00000000c1200000,0x00000000c220a8f0,0x00000000c3b80000)
 Metaspace       used 20914K, capacity 21180K, committed 21296K, reserved 1069056K
  class space    used 2575K, capacity 2675K, committed 2688K, reserved 1048576K
}

