# JRE version: Java(TM) SE Runtime Environment (8.0_65-b17) (build 1.8.0_65-b17)
# Java VM: Java HotSpot(TM) 64-Bit Server VM (25.65-b01 mixed mode windows-amd64 compressed oops)
Heap:
 PSYoungGen      total 201216K, used 186095K [0x00000000eb100000, 0x00000000fe200000, 0x0000000100000000)
  eden space 186368K, 91% used [0x00000000eb100000,0x00000000f583f108,0x00000000f6700000)
  from space 14848K, 99% used [0x00000000fcb80000,0x00000000fd9fcda8,0x00000000fda00000)
  to   space 8192K, 0% used [0x00000000fda00000,0x00000000fda00000,0x00000000fe200000)
 ParOldGen       total 51200K, used 28978K [0x00000000c1200000, 0x00000000c4400000, 0x00000000eb100000)
  object space 51200K, 56% used [0x00000000c1200000,0x00000000c2e4cab0,0x00000000c4400000)
 Metaspace       used 51499K, capacity 52054K, committed 52440K, reserved 1095680K
  class space    used 6648K, capacity 6770K, committed 6872K, reserved 1048576K
GC Heap History (10 events):
Event: 50.716 GC heap before
{Heap before GC invocations=11 (full 1):
 PSYoungGen      total 218624K, used 2500K [0x00000000eb100000, 0x00000000f9480000, 0x0000000100000000)
  eden space 204288K, 0% used [0x00000000eb100000,0x00000000eb100000,0x00000000f7880000)
  from space 14336K, 17% used [0x00000000f8680000,0x00000000f88f1310,0x00000000f9480000)
  to   space 14336K, 0% used [0x00000000f7880000,0x00000000f7880000,0x00000000f8680000)
 ParOldGen       total 44032K, used 16419K [0x00000000c1200000, 0x00000000c3d00000, 0x00000000eb100000)
  object space 44032K, 37% used [0x00000000c1200000,0x00000000c2208e78,0x00000000c3d00000)
 Metaspace       used 20875K, capacity 21126K, committed 21248K, reserved 1067008K
  class space    used 2642K, capacity 2719K, committed 2816K, reserved 1048576K
Event: 50.855 GC heap after
Heap after GC invocations=11 (full 1):
 PSYoungGen      total 218624K, used 0K [0x00000000eb100000, 0x00000000f9480000, 0x0000000100000000)
  eden space 204288K, 0% used [0x00000000eb100000,0x00000000eb100000,0x00000000f7880000)
  from space 14336K, 0% used [0x00000000f8680000,0x00000000f8680000,0x00000000f9480000)
  to   space 14336K, 0% used [0x00000000f7880000,0x00000000f7880000,0x00000000f8680000)
 ParOldGen       total 37888K, used 12520K [0x00000000c1200000, 0x00000000c3700000, 0x00000000eb100000)
  object space 37888K, 33% used [0x00000000c1200000,0x00000000c1e3a1e8,0x00000000c3700000)
 Metaspace       used 20875K, capacity 21126K, committed 21248K, reserved 1067008K
  class space    used 2642K, capacity 2719K, committed 2816K, reserved 1048576K
}
Event: 94.682 GC heap before
{Heap before GC invocations=12 (full 1):
 PSYoungGen      total 218624K, used 204288K [0x00000000eb100000, 0x00000000f9480000, 0x0000000100000000)
  eden space 204288K, 100% used [0x00000000eb100000,0x00000000f7880000,0x00000000f7880000)
  from space 14336K, 0% used [0x00000000f8680000,0x00000000f8680000,0x00000000f9480000)
  to   space 14336K, 0% used [0x00000000f7880000,0x00000000f7880000,0x00000000f8680000)
 ParOldGen       total 37888K, used 12520K [0x00000000c1200000, 0x00000000c3700000, 0x00000000eb100000)
  object space 37888K, 33% used [0x00000000c1200000,0x00000000c1e3a1e8,0x00000000c3700000)
 Metaspace       used 30180K, capacity 30472K, committed 30848K, reserved 1077248K
  class space    used 3798K, capacity 3877K, committed 3968K, reserved 1048576K
Event: 94.734 GC heap after
Heap after GC invocations=12 (full 1):
 PSYoungGen      total 218624K, used 11996K [0x00000000eb100000, 0x00000000ff080000, 0x0000000100000000)
  eden space 204288K, 0% used [0x00000000eb100000,0x00000000eb100000,0x00000000f7880000)
  from space 14336K, 83% used [0x00000000f7880000,0x00000000f8437230,0x00000000f8680000)
  to   space 15360K, 0% used [0x00000000fe180000,0x00000000fe180000,0x00000000ff080000)
 ParOldGen       total 37888K, used 12528K [0x00000000c1200000, 0x00000000c3700000, 0x00000000eb100000)
  object space 37888K, 33% used [0x00000000c1200000,0x00000000c1e3c1e8,0x00000000c3700000)
 Metaspace       used 30180K, capacity 30472K, committed 30848K, reserved 1077248K
  class space    used 3798K, capacity 3877K, committed 3968K, reserved 1048576K
}
Event: 111.681 GC heap before
{Heap before GC invocations=13 (full 1):
 PSYoungGen      total 218624K, used 132608K [0x00000000eb100000, 0x00000000ff080000, 0x0000000100000000)
  eden space 204288K, 59% used [0x00000000eb100000,0x00000000f26c90e0,0x00000000f7880000)
  from space 14336K, 83% used [0x00000000f7880000,0x00000000f8437230,0x00000000f8680000)
  to   space 15360K, 0% used [0x00000000fe180000,0x00000000fe180000,0x00000000ff080000)
 ParOldGen       total 37888K, used 12528K [0x00000000c1200000, 0x00000000c3700000, 0x00000000eb100000)
  object space 37888K, 33% used [0x00000000c1200000,0x00000000c1e3c1e8,0x00000000c3700000)
 Metaspace       used 34935K, capacity 35238K, committed 35416K, reserved 1079296K
  class space    used 4528K, capacity 4650K, committed 4696K, reserved 1048576K
Event: 111.697 GC heap after
Heap after GC invocations=13 (full 1):
 PSYoungGen      total 202240K, used 6976K [0x00000000eb100000, 0x00000000fe880000, 0x0000000100000000)
  eden space 195072K, 0% used [0x00000000eb100000,0x00000000eb100000,0x00000000f6f80000)
  from space 7168K, 97% used [0x00000000fe180000,0x00000000fe850128,0x00000000fe880000)
  to   space 14848K, 0% used [0x00000000fcb80000,0x00000000fcb80000,0x00000000fda00000)
 ParOldGen       total 37888K, used 18778K [0x00000000c1200000, 0x00000000c3700000, 0x00000000eb100000)
  object space 37888K, 49% used [0x00000000c1200000,0x00000000c2456870,0x00000000c3700000)
 Metaspace       used 34935K, capacity 35238K, committed 35416K, reserved 1079296K
  class space    used 4528K, capacity 4650K, committed 4696K, reserved 1048576K
}
Event: 111.697 GC heap before
{Heap before GC invocations=14 (full 2):
 PSYoungGen      total 202240K, used 6976K [0x00000000eb100000, 0x00000000fe880000, 0x0000000100000000)
  eden space 195072K, 0% used [0x00000000eb100000,0x00000000eb100000,0x00000000f6f80000)
  from space 7168K, 97% used [0x00000000fe180000,0x00000000fe850128,0x00000000fe880000)
  to   space 14848K, 0% used [0x00000000fcb80000,0x00000000fcb80000,0x00000000fda00000)
 ParOldGen       total 37888K, used 18778K [0x00000000c1200000, 0x00000000c3700000, 0x00000000eb100000)
  object space 37888K, 49% used [0x00000000c1200000,0x00000000c2456870,0x00000000c3700000)
 Metaspace       used 34935K, capacity 35238K, committed 35416K, reserved 1079296K
  class space    used 4528K, capacity 4650K, committed 4696K, reserved 1048576K
Event: 111.884 GC heap after
Heap after GC invocations=14 (full 2):
 PSYoungGen      total 202240K, used 0K [0x00000000eb100000, 0x00000000fe880000, 0x0000000100000000)
  eden space 195072K, 0% used [0x00000000eb100000,0x00000000eb100000,0x00000000f6f80000)
  from space 7168K, 0% used [0x00000000fe180000,0x00000000fe180000,0x00000000fe880000)
  to   space 14848K, 0% used [0x00000000fcb80000,0x00000000fcb80000,0x00000000fda00000)
 ParOldGen       total 51200K, used 24406K [0x00000000c1200000, 0x00000000c4400000, 0x00000000eb100000)
  object space 51200K, 47% used [0x00000000c1200000,0x00000000c29d5bf0,0x00000000c4400000)
 Metaspace       used 34935K, capacity 35238K, committed 35416K, reserved 1079296K
  class space    used 4528K, capacity 4650K, committed 4696K, reserved 1048576K
}
Event: 126.400 GC heap before
{Heap before GC invocations=15 (full 2):
 PSYoungGen      total 202240K, used 195072K [0x00000000eb100000, 0x00000000fe880000, 0x0000000100000000)
  eden space 195072K, 100% used [0x00000000eb100000,0x00000000f6f80000,0x00000000f6f80000)
  from space 7168K, 0% used [0x00000000fe180000,0x00000000fe180000,0x00000000fe880000)
  to   space 14848K, 0% used [0x00000000fcb80000,0x00000000fcb80000,0x00000000fda00000)
 ParOldGen       total 51200K, used 24406K [0x00000000c1200000, 0x00000000c4400000, 0x00000000eb100000)
  object space 51200K, 47% used [0x00000000c1200000,0x00000000c29d5bf0,0x00000000c4400000)
 Metaspace       used 48405K, capacity 48894K, committed 49112K, reserved 1091584K
  class space    used 6212K, capacity 6334K, committed 6360K, reserved 1048576K
Event: 126.490 GC heap after
Heap after GC invocations=15 (full 2):
 PSYoungGen      total 201216K, used 14835K [0x00000000eb100000, 0x00000000fe200000, 0x0000000100000000)
  eden space 186368K, 0% used [0x00000000eb100000,0x00000000eb100000,0x00000000f6700000)
  from space 14848K, 99% used [0x00000000fcb80000,0x00000000fd9fcda8,0x00000000fda00000)
  to   space 8192K, 0% used [0x00000000fda00000,0x00000000fda00000,0x00000000fe200000)
 ParOldGen       total 51200K, used 28978K [0x00000000c1200000, 0x00000000c4400000, 0x00000000eb100000)
  object space 51200K, 56% used [0x00000000c1200000,0x00000000c2e4cab0,0x00000000c4400000)
 Metaspace       used 48405K, capacity 48894K, committed 49112K, reserved 1091584K
  class space    used 6212K, capacity 6334K, committed 6360K, reserved 1048576K
}

