# JRE version: Java(TM) SE Runtime Environment (8.0_65-b17) (build 1.8.0_65-b17)
# Java VM: Java HotSpot(TM) 64-Bit Server VM (25.65-b01 mixed mode windows-amd64 compressed oops)
Heap:
 PSYoungGen      total 215552K, used 164843K [0x00000000eb100000, 0x00000000fa180000, 0x0000000100000000)
  eden space 198656K, 78% used [0x00000000eb100000,0x00000000f485c6f0,0x00000000f7300000)
  from space 16896K, 58% used [0x00000000f7300000,0x00000000f7c9e520,0x00000000f8380000)
  to   space 14336K, 0% used [0x00000000f8380000,0x00000000f8380000,0x00000000f9180000)
 ParOldGen       total 64512K, used 34072K [0x00000000c1200000, 0x00000000c5100000, 0x00000000eb100000)
  object space 64512K, 52% used [0x00000000c1200000,0x00000000c3346380,0x00000000c5100000)
 Metaspace       used 51608K, capacity 52234K, committed 52480K, reserved 1095680K
  class space    used 6756K, capacity 6874K, committed 6912K, reserved 1048576K
GC Heap History (10 events):
Event: 20.310 GC heap before
{Heap before GC invocations=11 (full 1):
 PSYoungGen      total 134656K, used 133412K [0x00000000eb100000, 0x00000000f6800000, 0x0000000100000000)
  eden space 124928K, 100% used [0x00000000eb100000,0x00000000f2b00000,0x00000000f2b00000)
  from space 9728K, 87% used [0x00000000f2b00000,0x00000000f33493a0,0x00000000f3480000)
  to   space 10752K, 0% used [0x00000000f5d80000,0x00000000f5d80000,0x00000000f6800000)
 ParOldGen       total 38400K, used 10942K [0x00000000c1200000, 0x00000000c3780000, 0x00000000eb100000)
  object space 38400K, 28% used [0x00000000c1200000,0x00000000c1cafa80,0x00000000c3780000)
 Metaspace       used 26840K, capacity 27124K, committed 27392K, reserved 1073152K
  class space    used 3432K, capacity 3521K, committed 3584K, reserved 1048576K
Event: 20.336 GC heap after
Heap after GC invocations=11 (full 1):
 PSYoungGen      total 169984K, used 9119K [0x00000000eb100000, 0x00000000f6680000, 0x0000000100000000)
  eden space 160768K, 0% used [0x00000000eb100000,0x00000000eb100000,0x00000000f4e00000)
  from space 9216K, 98% used [0x00000000f5d80000,0x00000000f6667c40,0x00000000f6680000)
  to   space 11776K, 0% used [0x00000000f4f80000,0x00000000f4f80000,0x00000000f5b00000)
 ParOldGen       total 38400K, used 10950K [0x00000000c1200000, 0x00000000c3780000, 0x00000000eb100000)
  object space 38400K, 28% used [0x00000000c1200000,0x00000000c1cb1a80,0x00000000c3780000)
 Metaspace       used 26840K, capacity 27124K, committed 27392K, reserved 1073152K
  class space    used 3432K, capacity 3521K, committed 3584K, reserved 1048576K
}
Event: 30.697 GC heap before
{Heap before GC invocations=12 (full 1):
 PSYoungGen      total 169984K, used 163523K [0x00000000eb100000, 0x00000000f6680000, 0x0000000100000000)
  eden space 160768K, 96% used [0x00000000eb100000,0x00000000f47c8fc0,0x00000000f4e00000)
  from space 9216K, 98% used [0x00000000f5d80000,0x00000000f6667c40,0x00000000f6680000)
  to   space 11776K, 0% used [0x00000000f4f80000,0x00000000f4f80000,0x00000000f5b00000)
 ParOldGen       total 38400K, used 10950K [0x00000000c1200000, 0x00000000c3780000, 0x00000000eb100000)
  object space 38400K, 28% used [0x00000000c1200000,0x00000000c1cb1a80,0x00000000c3780000)
 Metaspace       used 34855K, capacity 35166K, committed 35456K, reserved 1079296K
  class space    used 4515K, capacity 4616K, committed 4736K, reserved 1048576K
Event: 30.724 GC heap after
Heap after GC invocations=12 (full 1):
 PSYoungGen      total 174080K, used 11766K [0x00000000eb100000, 0x00000000f9180000, 0x0000000100000000)
  eden space 162304K, 0% used [0x00000000eb100000,0x00000000eb100000,0x00000000f4f80000)
  from space 11776K, 99% used [0x00000000f4f80000,0x00000000f5afd8a0,0x00000000f5b00000)
  to   space 14336K, 0% used [0x00000000f8380000,0x00000000f8380000,0x00000000f9180000)
 ParOldGen       total 38400K, used 14426K [0x00000000c1200000, 0x00000000c3780000, 0x00000000eb100000)
  object space 38400K, 37% used [0x00000000c1200000,0x00000000c2016818,0x00000000c3780000)
 Metaspace       used 34855K, capacity 35166K, committed 35456K, reserved 1079296K
  class space    used 4515K, capacity 4616K, committed 4736K, reserved 1048576K
}
Event: 30.724 GC heap before
{Heap before GC invocations=13 (full 2):
 PSYoungGen      total 174080K, used 11766K [0x00000000eb100000, 0x00000000f9180000, 0x0000000100000000)
  eden space 162304K, 0% used [0x00000000eb100000,0x00000000eb100000,0x00000000f4f80000)
  from space 11776K, 99% used [0x00000000f4f80000,0x00000000f5afd8a0,0x00000000f5b00000)
  to   space 14336K, 0% used [0x00000000f8380000,0x00000000f8380000,0x00000000f9180000)
 ParOldGen       total 38400K, used 14426K [0x00000000c1200000, 0x00000000c3780000, 0x00000000eb100000)
  object space 38400K, 37% used [0x00000000c1200000,0x00000000c2016818,0x00000000c3780000)
 Metaspace       used 34855K, capacity 35166K, committed 35456K, reserved 1079296K
  class space    used 4515K, capacity 4616K, committed 4736K, reserved 1048576K
Event: 30.857 GC heap after
Heap after GC invocations=13 (full 2):
 PSYoungGen      total 174080K, used 0K [0x00000000eb100000, 0x00000000f9180000, 0x0000000100000000)
  eden space 162304K, 0% used [0x00000000eb100000,0x00000000eb100000,0x00000000f4f80000)
  from space 11776K, 0% used [0x00000000f4f80000,0x00000000f4f80000,0x00000000f5b00000)
  to   space 14336K, 0% used [0x00000000f8380000,0x00000000f8380000,0x00000000f9180000)
 ParOldGen       total 64512K, used 25027K [0x00000000c1200000, 0x00000000c5100000, 0x00000000eb100000)
  object space 64512K, 38% used [0x00000000c1200000,0x00000000c2a70c60,0x00000000c5100000)
 Metaspace       used 34855K, capacity 35166K, committed 35456K, reserved 1079296K
  class space    used 4515K, capacity 4616K, committed 4736K, reserved 1048576K
}
Event: 37.713 GC heap before
{Heap before GC invocations=14 (full 2):
 PSYoungGen      total 174080K, used 162304K [0x00000000eb100000, 0x00000000f9180000, 0x0000000100000000)
  eden space 162304K, 100% used [0x00000000eb100000,0x00000000f4f80000,0x00000000f4f80000)
  from space 11776K, 0% used [0x00000000f4f80000,0x00000000f4f80000,0x00000000f5b00000)
  to   space 14336K, 0% used [0x00000000f8380000,0x00000000f8380000,0x00000000f9180000)
 ParOldGen       total 64512K, used 25027K [0x00000000c1200000, 0x00000000c5100000, 0x00000000eb100000)
  object space 64512K, 38% used [0x00000000c1200000,0x00000000c2a70c60,0x00000000c5100000)
 Metaspace       used 45742K, capacity 46212K, committed 46592K, reserved 1089536K
  class space    used 5942K, capacity 6073K, committed 6144K, reserved 1048576K
Event: 37.784 GC heap after
Heap after GC invocations=14 (full 2):
 PSYoungGen      total 212992K, used 14307K [0x00000000eb100000, 0x00000000fa180000, 0x0000000100000000)
  eden space 198656K, 0% used [0x00000000eb100000,0x00000000eb100000,0x00000000f7300000)
  from space 14336K, 99% used [0x00000000f8380000,0x00000000f9178c28,0x00000000f9180000)
  to   space 16896K, 0% used [0x00000000f7300000,0x00000000f7300000,0x00000000f8380000)
 ParOldGen       total 64512K, used 26394K [0x00000000c1200000, 0x00000000c5100000, 0x00000000eb100000)
  object space 64512K, 40% used [0x00000000c1200000,0x00000000c2bc6a20,0x00000000c5100000)
 Metaspace       used 45742K, capacity 46212K, committed 46592K, reserved 1089536K
  class space    used 5942K, capacity 6073K, committed 6144K, reserved 1048576K
}
Event: 46.457 GC heap before
{Heap before GC invocations=15 (full 2):
 PSYoungGen      total 212992K, used 212963K [0x00000000eb100000, 0x00000000fa180000, 0x0000000100000000)
  eden space 198656K, 100% used [0x00000000eb100000,0x00000000f7300000,0x00000000f7300000)
  from space 14336K, 99% used [0x00000000f8380000,0x00000000f9178c28,0x00000000f9180000)
  to   space 16896K, 0% used [0x00000000f7300000,0x00000000f7300000,0x00000000f8380000)
 ParOldGen       total 64512K, used 26394K [0x00000000c1200000, 0x00000000c5100000, 0x00000000eb100000)
  object space 64512K, 40% used [0x00000000c1200000,0x00000000c2bc6a20,0x00000000c5100000)
 Metaspace       used 49608K, capacity 50196K, committed 50432K, reserved 1093632K
  class space    used 6485K, capacity 6609K, committed 6656K, reserved 1048576K
Event: 46.602 GC heap after
Heap after GC invocations=15 (full 2):
 PSYoungGen      total 215552K, used 9849K [0x00000000eb100000, 0x00000000fa180000, 0x0000000100000000)
  eden space 198656K, 0% used [0x00000000eb100000,0x00000000eb100000,0x00000000f7300000)
  from space 16896K, 58% used [0x00000000f7300000,0x00000000f7c9e520,0x00000000f8380000)
  to   space 14336K, 0% used [0x00000000f8380000,0x00000000f8380000,0x00000000f9180000)
 ParOldGen       total 64512K, used 34072K [0x00000000c1200000, 0x00000000c5100000, 0x00000000eb100000)
  object space 64512K, 52% used [0x00000000c1200000,0x00000000c3346380,0x00000000c5100000)
 Metaspace       used 49608K, capacity 50196K, committed 50432K, reserved 1093632K
  class space    used 6485K, capacity 6609K, committed 6656K, reserved 1048576K
}

