# JRE version: Java(TM) SE Runtime Environment (8.0_65-b17) (build 1.8.0_65-b17)
# Java VM: Java HotSpot(TM) 64-Bit Server VM (25.65-b01 mixed mode windows-amd64 compressed oops)
Heap:
 PSYoungGen      total 58368K, used 31606K [0x00000000eb100000, 0x00000000ef200000, 0x0000000100000000)
  eden space 50176K, 51% used [0x00000000eb100000,0x00000000eca44c18,0x00000000ee200000)
  from space 8192K, 69% used [0x00000000ee200000,0x00000000ee798d58,0x00000000eea00000)
  to   space 8192K, 0% used [0x00000000eea00000,0x00000000eea00000,0x00000000ef200000)
 ParOldGen       total 38400K, used 13826K [0x00000000c1200000, 0x00000000c3780000, 0x00000000eb100000)
  object space 38400K, 36% used [0x00000000c1200000,0x00000000c1f80a60,0x00000000c3780000)
 Metaspace       used 22899K, capacity 23162K, committed 23472K, reserved 1069056K
  class space    used 2876K, capacity 2962K, committed 3072K, reserved 1048576K
GC Heap History (10 events):
Event: 10.377 GC heap before
{Heap before GC invocations=10 (full 0):
 PSYoungGen      total 38912K, used 37654K [0x00000000eb100000, 0x00000000ef200000, 0x0000000100000000)
  eden space 31232K, 100% used [0x00000000eb100000,0x00000000ecf80000,0x00000000ecf80000)
  from space 7680K, 83% used [0x00000000ecf80000,0x00000000ed5c5908,0x00000000ed700000)
  to   space 8192K, 0% used [0x00000000eea00000,0x00000000eea00000,0x00000000ef200000)
 ParOldGen       total 44032K, used 7558K [0x00000000c1200000, 0x00000000c3d00000, 0x00000000eb100000)
  object space 44032K, 17% used [0x00000000c1200000,0x00000000c1961828,0x00000000c3d00000)
 Metaspace       used 17800K, capacity 18004K, committed 18176K, reserved 1064960K
  class space    used 2200K, capacity 2230K, committed 2304K, reserved 1048576K
Event: 10.389 GC heap after
Heap after GC invocations=10 (full 0):
 PSYoungGen      total 58368K, used 2826K [0x00000000eb100000, 0x00000000ef200000, 0x0000000100000000)
  eden space 50176K, 0% used [0x00000000eb100000,0x00000000eb100000,0x00000000ee200000)
  from space 8192K, 34% used [0x00000000eea00000,0x00000000eecc2a48,0x00000000ef200000)
  to   space 8192K, 0% used [0x00000000ee200000,0x00000000ee200000,0x00000000eea00000)
 ParOldGen       total 44032K, used 12022K [0x00000000c1200000, 0x00000000c3d00000, 0x00000000eb100000)
  object space 44032K, 27% used [0x00000000c1200000,0x00000000c1dbda10,0x00000000c3d00000)
 Metaspace       used 17800K, capacity 18004K, committed 18176K, reserved 1064960K
  class space    used 2200K, capacity 2230K, committed 2304K, reserved 1048576K
}
Event: 10.914 GC heap before
{Heap before GC invocations=11 (full 0):
 PSYoungGen      total 58368K, used 53002K [0x00000000eb100000, 0x00000000ef200000, 0x0000000100000000)
  eden space 50176K, 100% used [0x00000000eb100000,0x00000000ee200000,0x00000000ee200000)
  from space 8192K, 34% used [0x00000000eea00000,0x00000000eecc2a48,0x00000000ef200000)
  to   space 8192K, 0% used [0x00000000ee200000,0x00000000ee200000,0x00000000eea00000)
 ParOldGen       total 44032K, used 12022K [0x00000000c1200000, 0x00000000c3d00000, 0x00000000eb100000)
  object space 44032K, 27% used [0x00000000c1200000,0x00000000c1dbda10,0x00000000c3d00000)
 Metaspace       used 20005K, capacity 20256K, committed 20480K, reserved 1067008K
  class space    used 2490K, capacity 2552K, committed 2560K, reserved 1048576K
Event: 10.921 GC heap after
Heap after GC invocations=11 (full 0):
 PSYoungGen      total 58368K, used 2888K [0x00000000eb100000, 0x00000000ef200000, 0x0000000100000000)
  eden space 50176K, 0% used [0x00000000eb100000,0x00000000eb100000,0x00000000ee200000)
  from space 8192K, 35% used [0x00000000ee200000,0x00000000ee4d2208,0x00000000eea00000)
  to   space 8192K, 0% used [0x00000000eea00000,0x00000000eea00000,0x00000000ef200000)
 ParOldGen       total 44032K, used 14211K [0x00000000c1200000, 0x00000000c3d00000, 0x00000000eb100000)
  object space 44032K, 32% used [0x00000000c1200000,0x00000000c1fe0e38,0x00000000c3d00000)
 Metaspace       used 20005K, capacity 20256K, committed 20480K, reserved 1067008K
  class space    used 2490K, capacity 2552K, committed 2560K, reserved 1048576K
}
Event: 11.177 GC heap before
{Heap before GC invocations=12 (full 0):
 PSYoungGen      total 58368K, used 39099K [0x00000000eb100000, 0x00000000ef200000, 0x0000000100000000)
  eden space 50176K, 72% used [0x00000000eb100000,0x00000000ed45cdd0,0x00000000ee200000)
  from space 8192K, 35% used [0x00000000ee200000,0x00000000ee4d2208,0x00000000eea00000)
  to   space 8192K, 0% used [0x00000000eea00000,0x00000000eea00000,0x00000000ef200000)
 ParOldGen       total 44032K, used 14211K [0x00000000c1200000, 0x00000000c3d00000, 0x00000000eb100000)
  object space 44032K, 32% used [0x00000000c1200000,0x00000000c1fe0e38,0x00000000c3d00000)
 Metaspace       used 20984K, capacity 21194K, committed 21296K, reserved 1069056K
  class space    used 2586K, capacity 2650K, committed 2688K, reserved 1048576K
Event: 11.187 GC heap after
Heap after GC invocations=12 (full 0):
 PSYoungGen      total 58368K, used 3208K [0x00000000eb100000, 0x00000000ef200000, 0x0000000100000000)
  eden space 50176K, 0% used [0x00000000eb100000,0x00000000eb100000,0x00000000ee200000)
  from space 8192K, 39% used [0x00000000eea00000,0x00000000eed22290,0x00000000ef200000)
  to   space 8192K, 0% used [0x00000000ee200000,0x00000000ee200000,0x00000000eea00000)
 ParOldGen       total 44032K, used 15495K [0x00000000c1200000, 0x00000000c3d00000, 0x00000000eb100000)
  object space 44032K, 35% used [0x00000000c1200000,0x00000000c2121fc8,0x00000000c3d00000)
 Metaspace       used 20984K, capacity 21194K, committed 21296K, reserved 1069056K
  class space    used 2586K, capacity 2650K, committed 2688K, reserved 1048576K
}
Event: 11.187 GC heap before
{Heap before GC invocations=13 (full 1):
 PSYoungGen      total 58368K, used 3208K [0x00000000eb100000, 0x00000000ef200000, 0x0000000100000000)
  eden space 50176K, 0% used [0x00000000eb100000,0x00000000eb100000,0x00000000ee200000)
  from space 8192K, 39% used [0x00000000eea00000,0x00000000eed22290,0x00000000ef200000)
  to   space 8192K, 0% used [0x00000000ee200000,0x00000000ee200000,0x00000000eea00000)
 ParOldGen       total 44032K, used 15495K [0x00000000c1200000, 0x00000000c3d00000, 0x00000000eb100000)
  object space 44032K, 35% used [0x00000000c1200000,0x00000000c2121fc8,0x00000000c3d00000)
 Metaspace       used 20984K, capacity 21194K, committed 21296K, reserved 1069056K
  class space    used 2586K, capacity 2650K, committed 2688K, reserved 1048576K
Event: 11.297 GC heap after
Heap after GC invocations=13 (full 1):
 PSYoungGen      total 58368K, used 0K [0x00000000eb100000, 0x00000000ef200000, 0x0000000100000000)
  eden space 50176K, 0% used [0x00000000eb100000,0x00000000eb100000,0x00000000ee200000)
  from space 8192K, 0% used [0x00000000eea00000,0x00000000eea00000,0x00000000ef200000)
  to   space 8192K, 0% used [0x00000000ee200000,0x00000000ee200000,0x00000000eea00000)
 ParOldGen       total 38400K, used 13818K [0x00000000c1200000, 0x00000000c3780000, 0x00000000eb100000)
  object space 38400K, 35% used [0x00000000c1200000,0x00000000c1f7ea60,0x00000000c3780000)
 Metaspace       used 20984K, capacity 21194K, committed 21296K, reserved 1069056K
  class space    used 2586K, capacity 2650K, committed 2688K, reserved 1048576K
}
Event: 11.786 GC heap before
{Heap before GC invocations=14 (full 1):
 PSYoungGen      total 58368K, used 50176K [0x00000000eb100000, 0x00000000ef200000, 0x0000000100000000)
  eden space 50176K, 100% used [0x00000000eb100000,0x00000000ee200000,0x00000000ee200000)
  from space 8192K, 0% used [0x00000000eea00000,0x00000000eea00000,0x00000000ef200000)
  to   space 8192K, 0% used [0x00000000ee200000,0x00000000ee200000,0x00000000eea00000)
 ParOldGen       total 38400K, used 13818K [0x00000000c1200000, 0x00000000c3780000, 0x00000000eb100000)
  object space 38400K, 35% used [0x00000000c1200000,0x00000000c1f7ea60,0x00000000c3780000)
 Metaspace       used 21884K, capacity 22190K, committed 22320K, reserved 1069056K
  class space    used 2730K, capacity 2832K, committed 2944K, reserved 1048576K
Event: 11.796 GC heap after
Heap after GC invocations=14 (full 1):
 PSYoungGen      total 58368K, used 5731K [0x00000000eb100000, 0x00000000ef200000, 0x0000000100000000)
  eden space 50176K, 0% used [0x00000000eb100000,0x00000000eb100000,0x00000000ee200000)
  from space 8192K, 69% used [0x00000000ee200000,0x00000000ee798d58,0x00000000eea00000)
  to   space 8192K, 0% used [0x00000000eea00000,0x00000000eea00000,0x00000000ef200000)
 ParOldGen       total 38400K, used 13826K [0x00000000c1200000, 0x00000000c3780000, 0x00000000eb100000)
  object space 38400K, 36% used [0x00000000c1200000,0x00000000c1f80a60,0x00000000c3780000)
 Metaspace       used 21884K, capacity 22190K, committed 22320K, reserved 1069056K
  class space    used 2730K, capacity 2832K, committed 2944K, reserved 1048576K
}

