# JRE version: Java(TM) SE Runtime Environment (8.0_65-b17) (build 1.8.0_65-b17)
# Java VM: Java HotSpot(TM) 64-Bit Server VM (25.65-b01 mixed mode windows-amd64 compressed oops)
Heap:
 PSYoungGen      total 203776K, used 118426K [0x00000000eb100000, 0x00000000f8400000, 0x0000000100000000)
  eden space 192512K, 61% used [0x00000000eb100000,0x00000000f24a6a88,0x00000000f6d00000)
  from space 11264K, 0% used [0x00000000f7900000,0x00000000f7900000,0x00000000f8400000)
  to   space 11776K, 0% used [0x00000000f6d00000,0x00000000f6d00000,0x00000000f7880000)
 ParOldGen       total 55808K, used 20346K [0x00000000c1200000, 0x00000000c4880000, 0x00000000eb100000)
  object space 55808K, 36% used [0x00000000c1200000,0x00000000c25de820,0x00000000c4880000)
 Metaspace       used 44482K, capacity 44826K, committed 45184K, reserved 1089536K
  class space    used 5800K, capacity 5906K, committed 6016K, reserved 1048576K
GC Heap History (10 events):
Event: 6.369 GC heap before
{Heap before GC invocations=12 (full 1):
 PSYoungGen      total 114176K, used 104448K [0x00000000eb100000, 0x00000000f2a00000, 0x0000000100000000)
  eden space 104448K, 100% used [0x00000000eb100000,0x00000000f1700000,0x00000000f1700000)
  from space 9728K, 0% used [0x00000000f2080000,0x00000000f2080000,0x00000000f2a00000)
  to   space 9728K, 0% used [0x00000000f1700000,0x00000000f1700000,0x00000000f2080000)
 ParOldGen       total 36864K, used 11263K [0x00000000c1200000, 0x00000000c3600000, 0x00000000eb100000)
  object space 36864K, 30% used [0x00000000c1200000,0x00000000c1cffc78,0x00000000c3600000)
 Metaspace       used 22941K, capacity 23232K, committed 23472K, reserved 1069056K
  class space    used 2878K, capacity 2963K, committed 3072K, reserved 1048576K
Event: 6.385 GC heap after
Heap after GC invocations=12 (full 1):
 PSYoungGen      total 114176K, used 8726K [0x00000000eb100000, 0x00000000f5680000, 0x0000000100000000)
  eden space 104448K, 0% used [0x00000000eb100000,0x00000000eb100000,0x00000000f1700000)
  from space 9728K, 89% used [0x00000000f1700000,0x00000000f1f85a88,0x00000000f2080000)
  to   space 10752K, 0% used [0x00000000f4c00000,0x00000000f4c00000,0x00000000f5680000)
 ParOldGen       total 36864K, used 11271K [0x00000000c1200000, 0x00000000c3600000, 0x00000000eb100000)
  object space 36864K, 30% used [0x00000000c1200000,0x00000000c1d01c78,0x00000000c3600000)
 Metaspace       used 22941K, capacity 23232K, committed 23472K, reserved 1069056K
  class space    used 2878K, capacity 2963K, committed 3072K, reserved 1048576K
}
Event: 11.391 GC heap before
{Heap before GC invocations=13 (full 1):
 PSYoungGen      total 114176K, used 113174K [0x00000000eb100000, 0x00000000f5680000, 0x0000000100000000)
  eden space 104448K, 100% used [0x00000000eb100000,0x00000000f1700000,0x00000000f1700000)
  from space 9728K, 89% used [0x00000000f1700000,0x00000000f1f85a88,0x00000000f2080000)
  to   space 10752K, 0% used [0x00000000f4c00000,0x00000000f4c00000,0x00000000f5680000)
 ParOldGen       total 36864K, used 11271K [0x00000000c1200000, 0x00000000c3600000, 0x00000000eb100000)
  object space 36864K, 30% used [0x00000000c1200000,0x00000000c1d01c78,0x00000000c3600000)
 Metaspace       used 26836K, capacity 27112K, committed 27392K, reserved 1073152K
  class space    used 3426K, capacity 3519K, committed 3584K, reserved 1048576K
Event: 11.404 GC heap after
Heap after GC invocations=13 (full 1):
 PSYoungGen      total 151552K, used 6202K [0x00000000eb100000, 0x00000000f5300000, 0x0000000100000000)
  eden space 144384K, 0% used [0x00000000eb100000,0x00000000eb100000,0x00000000f3e00000)
  from space 7168K, 86% used [0x00000000f4c00000,0x00000000f520ead0,0x00000000f5300000)
  to   space 10752K, 0% used [0x00000000f3e00000,0x00000000f3e00000,0x00000000f4880000)
 ParOldGen       total 36864K, used 12547K [0x00000000c1200000, 0x00000000c3600000, 0x00000000eb100000)
  object space 36864K, 34% used [0x00000000c1200000,0x00000000c1e40c00,0x00000000c3600000)
 Metaspace       used 26836K, capacity 27112K, committed 27392K, reserved 1073152K
  class space    used 3426K, capacity 3519K, committed 3584K, reserved 1048576K
}
Event: 22.086 GC heap before
{Heap before GC invocations=14 (full 1):
 PSYoungGen      total 151552K, used 150586K [0x00000000eb100000, 0x00000000f5300000, 0x0000000100000000)
  eden space 144384K, 100% used [0x00000000eb100000,0x00000000f3e00000,0x00000000f3e00000)
  from space 7168K, 86% used [0x00000000f4c00000,0x00000000f520ead0,0x00000000f5300000)
  to   space 10752K, 0% used [0x00000000f3e00000,0x00000000f3e00000,0x00000000f4880000)
 ParOldGen       total 36864K, used 12547K [0x00000000c1200000, 0x00000000c3600000, 0x00000000eb100000)
  object space 36864K, 34% used [0x00000000c1200000,0x00000000c1e40c00,0x00000000c3600000)
 Metaspace       used 33828K, capacity 34130K, committed 34560K, reserved 1079296K
  class space    used 4380K, capacity 4486K, committed 4608K, reserved 1048576K
Event: 22.103 GC heap after
Heap after GC invocations=14 (full 1):
 PSYoungGen      total 155136K, used 8909K [0x00000000eb100000, 0x00000000f8400000, 0x0000000100000000)
  eden space 144384K, 0% used [0x00000000eb100000,0x00000000eb100000,0x00000000f3e00000)
  from space 10752K, 82% used [0x00000000f3e00000,0x00000000f46b3558,0x00000000f4880000)
  to   space 11264K, 0% used [0x00000000f7900000,0x00000000f7900000,0x00000000f8400000)
 ParOldGen       total 36864K, used 15455K [0x00000000c1200000, 0x00000000c3600000, 0x00000000eb100000)
  object space 36864K, 41% used [0x00000000c1200000,0x00000000c2117c30,0x00000000c3600000)
 Metaspace       used 33828K, capacity 34130K, committed 34560K, reserved 1079296K
  class space    used 4380K, capacity 4486K, committed 4608K, reserved 1048576K
}
Event: 22.695 GC heap before
{Heap before GC invocations=15 (full 1):
 PSYoungGen      total 155136K, used 17248K [0x00000000eb100000, 0x00000000f8400000, 0x0000000100000000)
  eden space 144384K, 5% used [0x00000000eb100000,0x00000000eb924e20,0x00000000f3e00000)
  from space 10752K, 82% used [0x00000000f3e00000,0x00000000f46b3558,0x00000000f4880000)
  to   space 11264K, 0% used [0x00000000f7900000,0x00000000f7900000,0x00000000f8400000)
 ParOldGen       total 36864K, used 15455K [0x00000000c1200000, 0x00000000c3600000, 0x00000000eb100000)
  object space 36864K, 41% used [0x00000000c1200000,0x00000000c2117c30,0x00000000c3600000)
 Metaspace       used 34871K, capacity 35166K, committed 35456K, reserved 1079296K
  class space    used 4513K, capacity 4616K, committed 4736K, reserved 1048576K
Event: 22.704 GC heap after
Heap after GC invocations=15 (full 1):
 PSYoungGen      total 203776K, used 1903K [0x00000000eb100000, 0x00000000f8400000, 0x0000000100000000)
  eden space 192512K, 0% used [0x00000000eb100000,0x00000000eb100000,0x00000000f6d00000)
  from space 11264K, 16% used [0x00000000f7900000,0x00000000f7adbd68,0x00000000f8400000)
  to   space 11776K, 0% used [0x00000000f6d00000,0x00000000f6d00000,0x00000000f7880000)
 ParOldGen       total 36864K, used 19312K [0x00000000c1200000, 0x00000000c3600000, 0x00000000eb100000)
  object space 36864K, 52% used [0x00000000c1200000,0x00000000c24dc0e0,0x00000000c3600000)
 Metaspace       used 34871K, capacity 35166K, committed 35456K, reserved 1079296K
  class space    used 4513K, capacity 4616K, committed 4736K, reserved 1048576K
}
Event: 22.704 GC heap before
{Heap before GC invocations=16 (full 2):
 PSYoungGen      total 203776K, used 1903K [0x00000000eb100000, 0x00000000f8400000, 0x0000000100000000)
  eden space 192512K, 0% used [0x00000000eb100000,0x00000000eb100000,0x00000000f6d00000)
  from space 11264K, 16% used [0x00000000f7900000,0x00000000f7adbd68,0x00000000f8400000)
  to   space 11776K, 0% used [0x00000000f6d00000,0x00000000f6d00000,0x00000000f7880000)
 ParOldGen       total 36864K, used 19312K [0x00000000c1200000, 0x00000000c3600000, 0x00000000eb100000)
  object space 36864K, 52% used [0x00000000c1200000,0x00000000c24dc0e0,0x00000000c3600000)
 Metaspace       used 34871K, capacity 35166K, committed 35456K, reserved 1079296K
  class space    used 4513K, capacity 4616K, committed 4736K, reserved 1048576K
Event: 22.896 GC heap after
Heap after GC invocations=16 (full 2):
 PSYoungGen      total 203776K, used 0K [0x00000000eb100000, 0x00000000f8400000, 0x0000000100000000)
  eden space 192512K, 0% used [0x00000000eb100000,0x00000000eb100000,0x00000000f6d00000)
  from space 11264K, 0% used [0x00000000f7900000,0x00000000f7900000,0x00000000f8400000)
  to   space 11776K, 0% used [0x00000000f6d00000,0x00000000f6d00000,0x00000000f7880000)
 ParOldGen       total 55808K, used 20346K [0x00000000c1200000, 0x00000000c4880000, 0x00000000eb100000)
  object space 55808K, 36% used [0x00000000c1200000,0x00000000c25de820,0x00000000c4880000)
 Metaspace       used 34871K, capacity 35166K, committed 35456K, reserved 1079296K
  class space    used 4513K, capacity 4616K, committed 4736K, reserved 1048576K
}

