# JRE version: Java(TM) SE Runtime Environment (8.0_65-b17) (build 1.8.0_65-b17)
# Java VM: Java HotSpot(TM) 64-Bit Server VM (25.65-b01 mixed mode windows-amd64 compressed oops)
Heap:
 PSYoungGen      total 108544K, used 87839K [0x00000000eb100000, 0x00000000f4280000, 0x0000000100000000)
  eden space 100864K, 80% used [0x00000000eb100000,0x00000000f00014b0,0x00000000f1380000)
  from space 7680K, 90% used [0x00000000f1380000,0x00000000f1a46808,0x00000000f1b00000)
  to   space 8704K, 0% used [0x00000000f3a00000,0x00000000f3a00000,0x00000000f4280000)
 ParOldGen       total 34816K, used 11932K [0x00000000c1200000, 0x00000000c3400000, 0x00000000eb100000)
  object space 34816K, 34% used [0x00000000c1200000,0x00000000c1da7108,0x00000000c3400000)
 Metaspace       used 28282K, capacity 28634K, committed 28876K, reserved 1075200K
  class space    used 3630K, capacity 3746K, committed 3788K, reserved 1048576K
GC Heap History (10 events):
Event: 23.702 GC heap before
{Heap before GC invocations=14 (full 0):
 PSYoungGen      total 47616K, used 41600K [0x00000000eb100000, 0x00000000efe00000, 0x0000000100000000)
  eden space 39424K, 100% used [0x00000000eb100000,0x00000000ed780000,0x00000000ed780000)
  from space 8192K, 26% used [0x00000000ed780000,0x00000000ed9a0360,0x00000000edf80000)
  to   space 7680K, 0% used [0x00000000ef680000,0x00000000ef680000,0x00000000efe00000)
 ParOldGen       total 44032K, used 14064K [0x00000000c1200000, 0x00000000c3d00000, 0x00000000eb100000)
  object space 44032K, 31% used [0x00000000c1200000,0x00000000c1fbc180,0x00000000c3d00000)
 Metaspace       used 20824K, capacity 21066K, committed 21120K, reserved 1067008K
  class space    used 2586K, capacity 2650K, committed 2688K, reserved 1048576K
Event: 23.710 GC heap after
Heap after GC invocations=14 (full 0):
 PSYoungGen      total 70656K, used 4803K [0x00000000eb100000, 0x00000000eff00000, 0x0000000100000000)
  eden space 62976K, 0% used [0x00000000eb100000,0x00000000eb100000,0x00000000eee80000)
  from space 7680K, 62% used [0x00000000ef680000,0x00000000efb30f50,0x00000000efe00000)
  to   space 8192K, 0% used [0x00000000eee80000,0x00000000eee80000,0x00000000ef680000)
 ParOldGen       total 44032K, used 14897K [0x00000000c1200000, 0x00000000c3d00000, 0x00000000eb100000)
  object space 44032K, 33% used [0x00000000c1200000,0x00000000c208c4c8,0x00000000c3d00000)
 Metaspace       used 20824K, capacity 21066K, committed 21120K, reserved 1067008K
  class space    used 2586K, capacity 2650K, committed 2688K, reserved 1048576K
}
Event: 25.233 GC heap before
{Heap before GC invocations=15 (full 0):
 PSYoungGen      total 70656K, used 33652K [0x00000000eb100000, 0x00000000eff00000, 0x0000000100000000)
  eden space 62976K, 45% used [0x00000000eb100000,0x00000000ecd2c3c8,0x00000000eee80000)
  from space 7680K, 62% used [0x00000000ef680000,0x00000000efb30f50,0x00000000efe00000)
  to   space 8192K, 0% used [0x00000000eee80000,0x00000000eee80000,0x00000000ef680000)
 ParOldGen       total 44032K, used 14897K [0x00000000c1200000, 0x00000000c3d00000, 0x00000000eb100000)
  object space 44032K, 33% used [0x00000000c1200000,0x00000000c208c4c8,0x00000000c3d00000)
 Metaspace       used 21013K, capacity 21270K, committed 21552K, reserved 1069056K
  class space    used 2603K, capacity 2652K, committed 2688K, reserved 1048576K
Event: 25.240 GC heap after
Heap after GC invocations=15 (full 0):
 PSYoungGen      total 71168K, used 3116K [0x00000000eb100000, 0x00000000f2280000, 0x0000000100000000)
  eden space 62976K, 0% used [0x00000000eb100000,0x00000000eb100000,0x00000000eee80000)
  from space 8192K, 38% used [0x00000000eee80000,0x00000000ef18b0a8,0x00000000ef680000)
  to   space 7680K, 0% used [0x00000000f1b00000,0x00000000f1b00000,0x00000000f2280000)
 ParOldGen       total 44032K, used 15297K [0x00000000c1200000, 0x00000000c3d00000, 0x00000000eb100000)
  object space 44032K, 34% used [0x00000000c1200000,0x00000000c20f04c8,0x00000000c3d00000)
 Metaspace       used 21013K, capacity 21270K, committed 21552K, reserved 1069056K
  class space    used 2603K, capacity 2652K, committed 2688K, reserved 1048576K
}
Event: 27.864 GC heap before
{Heap before GC invocations=16 (full 0):
 PSYoungGen      total 71168K, used 20718K [0x00000000eb100000, 0x00000000f2280000, 0x0000000100000000)
  eden space 62976K, 27% used [0x00000000eb100000,0x00000000ec2308d8,0x00000000eee80000)
  from space 8192K, 38% used [0x00000000eee80000,0x00000000ef18b0a8,0x00000000ef680000)
  to   space 7680K, 0% used [0x00000000f1b00000,0x00000000f1b00000,0x00000000f2280000)
 ParOldGen       total 44032K, used 15297K [0x00000000c1200000, 0x00000000c3d00000, 0x00000000eb100000)
  object space 44032K, 34% used [0x00000000c1200000,0x00000000c20f04c8,0x00000000c3d00000)
 Metaspace       used 21373K, capacity 21546K, committed 21628K, reserved 1069056K
  class space    used 2657K, capacity 2706K, committed 2764K, reserved 1048576K
Event: 27.869 GC heap after
Heap after GC invocations=16 (full 0):
 PSYoungGen      total 108544K, used 614K [0x00000000eb100000, 0x00000000f2280000, 0x0000000100000000)
  eden space 100864K, 0% used [0x00000000eb100000,0x00000000eb100000,0x00000000f1380000)
  from space 7680K, 8% used [0x00000000f1b00000,0x00000000f1b99ab0,0x00000000f2280000)
  to   space 7680K, 0% used [0x00000000f1380000,0x00000000f1380000,0x00000000f1b00000)
 ParOldGen       total 44032K, used 15474K [0x00000000c1200000, 0x00000000c3d00000, 0x00000000eb100000)
  object space 44032K, 35% used [0x00000000c1200000,0x00000000c211ca00,0x00000000c3d00000)
 Metaspace       used 21373K, capacity 21546K, committed 21628K, reserved 1069056K
  class space    used 2657K, capacity 2706K, committed 2764K, reserved 1048576K
}
Event: 27.870 GC heap before
{Heap before GC invocations=17 (full 1):
 PSYoungGen      total 108544K, used 614K [0x00000000eb100000, 0x00000000f2280000, 0x0000000100000000)
  eden space 100864K, 0% used [0x00000000eb100000,0x00000000eb100000,0x00000000f1380000)
  from space 7680K, 8% used [0x00000000f1b00000,0x00000000f1b99ab0,0x00000000f2280000)
  to   space 7680K, 0% used [0x00000000f1380000,0x00000000f1380000,0x00000000f1b00000)
 ParOldGen       total 44032K, used 15474K [0x00000000c1200000, 0x00000000c3d00000, 0x00000000eb100000)
  object space 44032K, 35% used [0x00000000c1200000,0x00000000c211ca00,0x00000000c3d00000)
 Metaspace       used 21373K, capacity 21546K, committed 21628K, reserved 1069056K
  class space    used 2657K, capacity 2706K, committed 2764K, reserved 1048576K
Event: 27.955 GC heap after
Heap after GC invocations=17 (full 1):
 PSYoungGen      total 108544K, used 0K [0x00000000eb100000, 0x00000000f2280000, 0x0000000100000000)
  eden space 100864K, 0% used [0x00000000eb100000,0x00000000eb100000,0x00000000f1380000)
  from space 7680K, 0% used [0x00000000f1b00000,0x00000000f1b00000,0x00000000f2280000)
  to   space 7680K, 0% used [0x00000000f1380000,0x00000000f1380000,0x00000000f1b00000)
 ParOldGen       total 34816K, used 11924K [0x00000000c1200000, 0x00000000c3400000, 0x00000000eb100000)
  object space 34816K, 34% used [0x00000000c1200000,0x00000000c1da5108,0x00000000c3400000)
 Metaspace       used 21373K, capacity 21546K, committed 21628K, reserved 1069056K
  class space    used 2657K, capacity 2706K, committed 2764K, reserved 1048576K
}
Event: 45.365 GC heap before
{Heap before GC invocations=18 (full 1):
 PSYoungGen      total 108544K, used 100864K [0x00000000eb100000, 0x00000000f2280000, 0x0000000100000000)
  eden space 100864K, 100% used [0x00000000eb100000,0x00000000f1380000,0x00000000f1380000)
  from space 7680K, 0% used [0x00000000f1b00000,0x00000000f1b00000,0x00000000f2280000)
  to   space 7680K, 0% used [0x00000000f1380000,0x00000000f1380000,0x00000000f1b00000)
 ParOldGen       total 34816K, used 11924K [0x00000000c1200000, 0x00000000c3400000, 0x00000000eb100000)
  object space 34816K, 34% used [0x00000000c1200000,0x00000000c1da5108,0x00000000c3400000)
 Metaspace       used 25832K, capacity 26140K, committed 26444K, reserved 1073152K
  class space    used 3270K, capacity 3389K, committed 3404K, reserved 1048576K
Event: 45.375 GC heap after
Heap after GC invocations=18 (full 1):
 PSYoungGen      total 108544K, used 6938K [0x00000000eb100000, 0x00000000f4280000, 0x0000000100000000)
  eden space 100864K, 0% used [0x00000000eb100000,0x00000000eb100000,0x00000000f1380000)
  from space 7680K, 90% used [0x00000000f1380000,0x00000000f1a46808,0x00000000f1b00000)
  to   space 8704K, 0% used [0x00000000f3a00000,0x00000000f3a00000,0x00000000f4280000)
 ParOldGen       total 34816K, used 11932K [0x00000000c1200000, 0x00000000c3400000, 0x00000000eb100000)
  object space 34816K, 34% used [0x00000000c1200000,0x00000000c1da7108,0x00000000c3400000)
 Metaspace       used 25832K, capacity 26140K, committed 26444K, reserved 1073152K
  class space    used 3270K, capacity 3389K, committed 3404K, reserved 1048576K
}

